proguard_logs/seeds.txt
pl.pw.isodee.IsodEEApplication
pl.pw.isodee.IsodEEApplication: IsodEEApplication()
pl.pw.isodee.MainActivity
pl.pw.isodee.MainActivity: MainActivity()
pl.pw.isodee.NewsActivity
pl.pw.isodee.NewsActivity: NewsActivity()
pl.pw.isodee.R$anim: int fade_in
pl.pw.isodee.R$anim: int fade_out
pl.pw.isodee.R$array: int navigation_items
pl.pw.isodee.R$array: int navigation_items_icons
pl.pw.isodee.R$array: int pref_selectedLanguage_entries
pl.pw.isodee.R$array: int pref_selectedLanguage_values
pl.pw.isodee.R$array: int teacher_details_pages
pl.pw.isodee.R$attr: int centered
pl.pw.isodee.R$attr: int clipPadding
pl.pw.isodee.R$attr: int fadeDelay
pl.pw.isodee.R$attr: int fadeLength
pl.pw.isodee.R$attr: int fades
pl.pw.isodee.R$attr: int fillColor
pl.pw.isodee.R$attr: int footerColor
pl.pw.isodee.R$attr: int footerIndicatorHeight
pl.pw.isodee.R$attr: int footerIndicatorStyle
pl.pw.isodee.R$attr: int footerIndicatorUnderlinePadding
pl.pw.isodee.R$attr: int footerLineHeight
pl.pw.isodee.R$attr: int footerPadding
pl.pw.isodee.R$attr: int gapWidth
pl.pw.isodee.R$attr: int linePosition
pl.pw.isodee.R$attr: int lineWidth
pl.pw.isodee.R$attr: int pageColor
pl.pw.isodee.R$attr: int radius
pl.pw.isodee.R$attr: int selectedBold
pl.pw.isodee.R$attr: int selectedColor
pl.pw.isodee.R$attr: int snap
pl.pw.isodee.R$attr: int strokeColor
pl.pw.isodee.R$attr: int strokeWidth
pl.pw.isodee.R$attr: int titlePadding
pl.pw.isodee.R$attr: int topPadding
pl.pw.isodee.R$attr: int unselectedColor
pl.pw.isodee.R$attr: int vpiCirclePageIndicatorStyle
pl.pw.isodee.R$attr: int vpiIconPageIndicatorStyle
pl.pw.isodee.R$attr: int vpiLinePageIndicatorStyle
pl.pw.isodee.R$attr: int vpiTabPageIndicatorStyle
pl.pw.isodee.R$attr: int vpiTitlePageIndicatorStyle
pl.pw.isodee.R$attr: int vpiUnderlinePageIndicatorStyle
pl.pw.isodee.R$bool: int default_circle_indicator_centered
pl.pw.isodee.R$bool: int default_circle_indicator_snap
pl.pw.isodee.R$bool: int default_line_indicator_centered
pl.pw.isodee.R$bool: int default_title_indicator_selected_bold
pl.pw.isodee.R$bool: int default_underline_indicator_fades
pl.pw.isodee.R$color: int default_circle_indicator_fill_color
pl.pw.isodee.R$color: int default_circle_indicator_page_color
pl.pw.isodee.R$color: int default_circle_indicator_stroke_color
pl.pw.isodee.R$color: int default_line_indicator_selected_color
pl.pw.isodee.R$color: int default_line_indicator_unselected_color
pl.pw.isodee.R$color: int default_title_indicator_footer_color
pl.pw.isodee.R$color: int default_title_indicator_selected_color
pl.pw.isodee.R$color: int default_title_indicator_text_color
pl.pw.isodee.R$color: int default_underline_indicator_selected_color
pl.pw.isodee.R$color: int front_background
pl.pw.isodee.R$color: int vpi__background_holo_dark
pl.pw.isodee.R$color: int vpi__background_holo_light
pl.pw.isodee.R$color: int vpi__bright_foreground_disabled_holo_dark
pl.pw.isodee.R$color: int vpi__bright_foreground_disabled_holo_light
pl.pw.isodee.R$color: int vpi__bright_foreground_holo_dark
pl.pw.isodee.R$color: int vpi__bright_foreground_holo_light
pl.pw.isodee.R$color: int vpi__bright_foreground_inverse_holo_dark
pl.pw.isodee.R$color: int vpi__bright_foreground_inverse_holo_light
pl.pw.isodee.R$color: int vpi__dark_theme
pl.pw.isodee.R$color: int vpi__light_theme
...
android.support.v4.app.BackStackState
android.support.v4.app.BackStackState: android.os.Parcelable$Creator CREATOR
android.support.v4.app.Fragment$SavedState
android.support.v4.app.Fragment$SavedState: android.os.Parcelable$Creator CREATOR
android.support.v4.app.FragmentActivity: FragmentActivity()
android.support.v4.app.FragmentManagerState
android.support.v4.app.FragmentManagerState: android.os.Parcelable$Creator CREATOR
android.support.v4.app.FragmentState
android.support.v4.app.FragmentState: android.os.Parcelable$Creator CREATOR
android.support.v4.app.FragmentTabHost: void setOnTabChangedListener(android.widget.TabHost$OnTabChangeListener)
android.support.v4.app.FragmentTabHost$SavedState
android.support.v4.app.FragmentTabHost$SavedState: android.os.Parcelable$Creator CREATOR
android.support.v4.content.ModernAsyncTask$Status: android.support.v4.content.ModernAsyncTask$Status[] values()
android.support.v4.content.ModernAsyncTask$Status: android.support.v4.content.ModernAsyncTask$Status valueOf(java.lang.String)
android.support.v4.view.PagerTabStrip: void setTabIndicatorColor(int)
android.support.v4.view.PagerTabStrip: void setTabIndicatorColorResource(int)
android.support.v4.view.PagerTabStrip: int getTabIndicatorColor()
android.support.v4.view.PagerTabStrip: void setTextSpacing(int)
android.support.v4.view.PagerTabStrip: void setBackgroundDrawable(android.graphics.drawable.Drawable)
android.support.v4.view.PagerTabStrip: void setBackgroundColor(int)
android.support.v4.view.PagerTabStrip: void setBackgroundResource(int)
android.support.v4.view.PagerTabStrip: void setDrawFullUnderline(boolean)
android.support.v4.view.PagerTabStrip: boolean getDrawFullUnderline()
android.support.v4.view.PagerTabStrip: int getMinHeight()
android.support.v4.view.PagerTitleStrip: void setSingleLineAllCaps(android.widget.TextView)
android.support.v4.view.PagerTitleStrip: void setTextSpacing(int)
android.support.v4.view.PagerTitleStrip: int getTextSpacing()
android.support.v4.view.PagerTitleStrip: void setNonPrimaryAlpha(float)
android.support.v4.view.PagerTitleStrip: void setTextColor(int)
android.support.v4.view.PagerTitleStrip: void setGravity(int)
android.support.v4.view.PagerTitleStrip: int getMinHeight()
android.support.v4.view.ViewPager
android.support.v4.view.ViewPager: ViewPager(android.content.Context)
android.support.v4.view.ViewPager: ViewPager(android.content.Context,android.util.AttributeSet)
android.support.v4.view.ViewPager: void setScrollState(int)
android.support.v4.view.ViewPager: void setAdapter(android.support.v4.view.PagerAdapter)
android.support.v4.view.ViewPager: android.support.v4.view.PagerAdapter getAdapter()
android.support.v4.view.ViewPager: void setOnAdapterChangeListener(android.support.v4.view.ViewPager$OnAdapterChangeListener)
android.support.v4.view.ViewPager: int getClientWidth()
android.support.v4.view.ViewPager: void setCurrentItem(int)
android.support.v4.view.ViewPager: int getCurrentItem()
android.support.v4.view.ViewPager: void setOnPageChangeListener(android.support.v4.view.ViewPager$OnPageChangeListener)
android.support.v4.view.ViewPager: void setChildrenDrawingOrderEnabledCompat(boolean)
android.support.v4.view.ViewPager: int getOffscreenPageLimit()
android.support.v4.view.ViewPager: void setOffscreenPageLimit(int)
android.support.v4.view.ViewPager: void setPageMargin(int)
android.support.v4.view.ViewPager: int getPageMargin()
android.support.v4.view.ViewPager: void setPageMarginDrawable(android.graphics.drawable.Drawable)
android.support.v4.view.ViewPager: void setPageMarginDrawable(int)
android.support.v4.view.ViewPager: void setScrollingCacheEnabled(boolean)
android.support.v4.view.ViewPager$SavedState
android.support.v4.view.ViewPager$SavedState: android.os.Parcelable$Creator CREATOR