proguard_logs/mapping.txt
pl.pw.isodee.Content -> pl.pw.isodee.a:
    java.util.Hashtable newsContents -> a
    java.util.Hashtable newsList -> b
    java.util.Hashtable teachersList -> c
    void putNewsContent(int,pl.pw.isodee.models.NewsFullContent) -> a
    pl.pw.isodee.models.NewsFullContent getNewsContentByPos(int) -> a
    pl.pw.isodee.models.NewsListItem getNewsByPos(int) -> b
    pl.pw.isodee.models.TeacherListItem getTeacherByPos(int) -> c
    int getTeachersLength() -> a
    int getNewsLength() -> b
    void putNewsToPos(int,pl.pw.isodee.models.NewsListItem) -> a
    void putTeacher(int,pl.pw.isodee.models.TeacherListItem) -> a
pl.pw.isodee.ContentGenerator -> pl.pw.isodee.b:
    void newsListItems(pl.pw.isodee.Content) -> a
    void newsContentItems(pl.pw.isodee.Content) -> b
    void newTeacherItems(pl.pw.isodee.Content) -> c
pl.pw.isodee.IsodEEApplication -> pl.pw.isodee.IsodEEApplication:
    pl.pw.isodee.Content content -> a
    java.util.Locale locale -> b
    void onCreate() -> onCreate
    void onConfigurationChanged(android.content.res.Configuration) -> onConfigurationChanged
    void restartApplication() -> a
    void setLanguage() -> d
    void changeLanguage(java.lang.String) -> a
    void saveLocale(java.util.Locale,android.content.res.Configuration) -> a
    java.lang.String getLanguage() -> b
    pl.pw.isodee.Content getContent() -> c
pl.pw.isodee.MainActivity -> pl.pw.isodee.MainActivity:
    java.lang.String[] mNavigationItems -> b
    java.lang.String[] mNavigationItemsIcons -> c
    android.support.v4.widget.DrawerLayout mDrawerLayout -> d
    android.support.v4.app.ActionBarDrawerToggle mDrawerToggle -> e
    android.widget.ListView mDrawerList -> f
    java.lang.CharSequence mDrawerTitle -> g
    java.lang.CharSequence mTitle -> h
    pl.pw.isodee.IsodEEApplication theApplication -> a
    android.widget.SearchView searchView -> i
    int activeView -> j
    void onCreate(android.os.Bundle) -> onCreate
    void onPostCreate(android.os.Bundle) -> onPostCreate
    void onConfigurationChanged(android.content.res.Configuration) -> onConfigurationChanged
    void onQuery(java.lang.String) -> a
    boolean onCreateOptionsMenu(android.view.Menu) -> onCreateOptionsMenu
    boolean onPrepareOptionsMenu(android.view.Menu) -> onPrepareOptionsMenu
    boolean onOptionsItemSelected(android.view.MenuItem) -> onOptionsItemSelected
    void showSettings() -> a
    void showNews(int) -> a
    void clearSearchView() -> b
    void initNavigationDrawer() -> c
    void showTeacher(int) -> b
    void selectItem(int) -> c
    void setTitle(java.lang.CharSequence) -> setTitle
    void access$000(pl.pw.isodee.MainActivity,java.lang.String) -> a
    void access$200(pl.pw.isodee.MainActivity) -> a
    java.lang.CharSequence access$300(pl.pw.isodee.MainActivity) -> b
pl.pw.isodee.MainActivity$1 -> pl.pw.isodee.c:
    pl.pw.isodee.MainActivity this$0 -> a
    boolean onQueryTextSubmit(java.lang.String) -> onQueryTextSubmit
    boolean onQueryTextChange(java.lang.String) -> onQueryTextChange
pl.pw.isodee.MainActivity$2 -> pl.pw.isodee.d:
    pl.pw.isodee.MainActivity this$0 -> a
    void onDrawerClosed(android.view.View) -> b
    void onDrawerOpened(android.view.View) -> a
pl.pw.isodee.MainActivity$DrawerAdapter -> pl.pw.isodee.e:
    android.content.Context context -> a
    int layoutResourceId -> b
    java.lang.String[] data -> c
    pl.pw.isodee.MainActivity this$0 -> d
    android.view.View getView(int,android.view.View,android.view.ViewGroup) -> getView
pl.pw.isodee.MainActivity$DrawerAdapter$DrawerHolder -> pl.pw.isodee.f:
    android.widget.TextView title -> a
    android.widget.ImageView icon -> b
    pl.pw.isodee.MainActivity$DrawerAdapter this$1 -> c
pl.pw.isodee.MainActivity$DrawerItemClickListener -> pl.pw.isodee.g:
    pl.pw.isodee.MainActivity this$0 -> a
    void onItemClick(android.widget.AdapterView,android.view.View,int,long) -> onItemClick
...
com.viewpagerindicator.LinePageIndicator -> com.viewpagerindicator.LinePageIndicator:
    android.graphics.Paint mPaintUnselected -> a
    android.graphics.Paint mPaintSelected -> b
    android.support.v4.view.ViewPager mViewPager -> c
    android.support.v4.view.ViewPager$OnPageChangeListener mListener -> d
    int mCurrentPage -> e
    boolean mCentered -> f
    float mLineWidth -> g
    float mGapWidth -> h
    int mTouchSlop -> i
    float mLastMotionX -> j
    int mActivePointerId -> k
    boolean mIsDragging -> l
    void setCentered(boolean) -> setCentered
    void setUnselectedColor(int) -> setUnselectedColor
    int getUnselectedColor() -> getUnselectedColor
    void setSelectedColor(int) -> setSelectedColor
    int getSelectedColor() -> getSelectedColor
    void setLineWidth(float) -> setLineWidth
    float getLineWidth() -> getLineWidth
    void setStrokeWidth(float) -> setStrokeWidth
    float getStrokeWidth() -> getStrokeWidth
    void setGapWidth(float) -> setGapWidth
    float getGapWidth() -> getGapWidth
    void onDraw(android.graphics.Canvas) -> onDraw
    boolean onTouchEvent(android.view.MotionEvent) -> onTouchEvent
    void setViewPager(android.support.v4.view.ViewPager) -> setViewPager
    void setCurrentItem(int) -> setCurrentItem
    void onPageScrollStateChanged(int) -> b
    void onPageScrolled(int,float,int) -> a
    void onPageSelected(int) -> a
com.viewpagerindicator.LinePageIndicator$1 -> com.viewpagerindicator.c:
com.viewpagerindicator.LinePageIndicator$SavedState -> com.viewpagerindicator.LinePageIndicator$SavedState:
    int currentPage -> a
    android.os.Parcelable$Creator CREATOR -> CREATOR
    void writeToParcel(android.os.Parcel,int) -> writeToParcel
com.viewpagerindicator.LinePageIndicator$SavedState$1 -> com.viewpagerindicator.d:
    com.viewpagerindicator.LinePageIndicator$SavedState createFromParcel(android.os.Parcel) -> a
    com.viewpagerindicator.LinePageIndicator$SavedState[] newArray(int) -> a
    java.lang.Object[] newArray(int) -> newArray
    java.lang.Object createFromParcel(android.os.Parcel) -> createFromParcel
com.viewpagerindicator.PageIndicator -> com.viewpagerindicator.e:
com.viewpagerindicator.R -> com.viewpagerindicator.f:
com.viewpagerindicator.R$attr -> com.viewpagerindicator.g:
    int centered -> centered
    int clipPadding -> clipPadding
    int fadeDelay -> fadeDelay
    int fadeLength -> fadeLength
    int fades -> fades
    int fillColor -> fillColor
    int footerColor -> footerColor
    int footerIndicatorHeight -> footerIndicatorHeight
    int footerIndicatorStyle -> footerIndicatorStyle
    int footerIndicatorUnderlinePadding -> footerIndicatorUnderlinePadding
    int footerLineHeight -> footerLineHeight
    int footerPadding -> footerPadding
    int gapWidth -> gapWidth
    int linePosition -> linePosition
    int lineWidth -> lineWidth
    int pageColor -> pageColor
    int radius -> radius
    int selectedBold -> selectedBold
    int selectedColor -> selectedColor
    int snap -> snap
    int strokeColor -> strokeColor
    int strokeWidth -> strokeWidth
    int titlePadding -> titlePadding
    int topPadding -> topPadding
    int unselectedColor -> unselectedColor
    int vpiCirclePageIndicatorStyle -> vpiCirclePageIndicatorStyle
    int vpiIconPageIndicatorStyle -> vpiIconPageIndicatorStyle
    int vpiLinePageIndicatorStyle -> vpiLinePageIndicatorStyle
    int vpiTabPageIndicatorStyle -> vpiTabPageIndicatorStyle
    int vpiTitlePageIndicatorStyle -> vpiTitlePageIndicatorStyle
    int vpiUnderlinePageIndicatorStyle -> vpiUnderlinePageIndicatorStyle