proguard_logs/usage.txt
pl.pw.isodee.BuildConfig
pl.pw.isodee.Content:
    35:39:public void clearAllData()
    67:71:public void putNewsToPos(int,org.json.JSONObject)
pl.pw.isodee.ContentGenerator:
    7:7:public ContentGenerator()
pl.pw.isodee.MainActivity:
    public static final int VIEW_NEWS
    public static final int VIEW_SCHEDULE
    public static final int VIEW_SYLLABUSES
    public static final int VIEW_TEACHERS
    public static final int VIEW_DEFENDED
    public static final int VIEW_TOPIC_PROPOSITIONS
    public static final int VIEW_STUDY_PROGRAMMES
    public static final int VIEW_DOCUMENTS
pl.pw.isodee.NewsActivity:
    public static final java.lang.String KEY_NEWS
pl.pw.isodee.R
pl.pw.isodee.R$anim
pl.pw.isodee.R$array
pl.pw.isodee.R$attr
pl.pw.isodee.R$bool
pl.pw.isodee.R$color
pl.pw.isodee.R$dimen
pl.pw.isodee.R$drawable
pl.pw.isodee.R$id
pl.pw.isodee.R$integer
pl.pw.isodee.R$layout
pl.pw.isodee.R$menu
pl.pw.isodee.R$string
pl.pw.isodee.R$style
pl.pw.isodee.R$styleable
pl.pw.isodee.R$xml
pl.pw.isodee.TeacherActivity:
    public static final java.lang.String KEY_NEWS
pl.pw.isodee.adapters.TeacherDetailsAdapter:
    45:49:public void setCount(int)
pl.pw.isodee.fragments.TeacherDetailsFragment:
    private static final java.lang.String KEY_CONTENT
pl.pw.isodee.fragments.TeacherMainDetailsFragment:
    private static final java.lang.String KEY_CONTENT
pl.pw.isodee.models.NewsFullContent:
    private int index
    private long timestamp
    private long updateTimestamp
    17:26:public NewsFullContent(org.json.JSONObject)
    37:37:public int getIndex()
    45:45:public long getTimestamp()
    53:53:public long getUpdateTimestamp()
pl.pw.isodee.models.NewsListItem:
    private int index
    private long timestamp
    private long updateTimestamp
    private java.lang.String author
    private java.lang.String htmlContent
    17:28:public NewsListItem(org.json.JSONObject)
    56:56:public int getIndex()
    64:64:public long getTimestamp()
    68:68:public long getUpdateTimestamp()
    72:72:public java.lang.String getAuthor()
    76:76:public java.lang.String getHtmlContent()
pl.pw.isodee.models.TeacherFullContent
pl.pw.isodee.models.TeacherListItem:
    13:15:public TeacherListItem(org.json.JSONObject)
...
android.support.v4.view.PagerTitleStrip
android.support.v4.view.PagerTitleStrip$1
android.support.v4.view.PagerTitleStrip$PageListener
android.support.v4.view.PagerTitleStrip$PagerTitleStripImpl
android.support.v4.view.PagerTitleStrip$PagerTitleStripImplBase
android.support.v4.view.PagerTitleStrip$PagerTitleStripImplIcs
android.support.v4.view.PagerTitleStripIcs
android.support.v4.view.PagerTitleStripIcs$SingleLineAllCapsTransform
android.support.v4.view.ScaleGestureDetectorCompat
android.support.v4.view.ScaleGestureDetectorCompat$1
android.support.v4.view.ScaleGestureDetectorCompat$BaseScaleGestureDetectorImpl
android.support.v4.view.ScaleGestureDetectorCompat$ScaleGestureDetectorCompatKitKatImpl
android.support.v4.view.ScaleGestureDetectorCompat$ScaleGestureDetectorImpl
android.support.v4.view.ScaleGestureDetectorCompatKitKat
android.support.v4.view.VelocityTrackerCompat:
    25:51:public VelocityTrackerCompat()
android.support.v4.view.VelocityTrackerCompatHoneycomb:
    24:24:VelocityTrackerCompatHoneycomb()
android.support.v4.view.ViewCompat:
    public static final int OVER_SCROLL_ALWAYS
    public static final int OVER_SCROLL_IF_CONTENT_SCROLLS
    public static final int OVER_SCROLL_NEVER
    private static final long FAKE_FRAME_TIME
    public static final int IMPORTANT_FOR_ACCESSIBILITY_AUTO
    public static final int IMPORTANT_FOR_ACCESSIBILITY_YES
    public static final int IMPORTANT_FOR_ACCESSIBILITY_NO
    public static final int IMPORTANT_FOR_ACCESSIBILITY_NO_HIDE_DESCENDANTS
    public static final int ACCESSIBILITY_LIVE_REGION_NONE
    public static final int ACCESSIBILITY_LIVE_REGION_POLITE
    public static final int ACCESSIBILITY_LIVE_REGION_ASSERTIVE
    public static final int LAYER_TYPE_NONE
    public static final int LAYER_TYPE_SOFTWARE
    public static final int LAYER_TYPE_HARDWARE
    public static final int LAYOUT_DIRECTION_LTR
    public static final int LAYOUT_DIRECTION_RTL
    public static final int LAYOUT_DIRECTION_INHERIT
    public static final int LAYOUT_DIRECTION_LOCALE
    public static final int MEASURED_SIZE_MASK
    public static final int MEASURED_STATE_MASK
    public static final int MEASURED_HEIGHT_STATE_SHIFT
    public static final int MEASURED_STATE_TOO_SMALL
    34:534:public ViewCompat()
    585:585:public static boolean canScrollVertically(android.view.View,int)
    614:615:public static void setOverScrollMode(android.view.View,int)
android.support.v4.view.ViewCompat$BaseViewCompatImpl:
    239:239:public boolean canScrollVertically(android.view.View,int)
    246:246:public void setOverScrollMode(android.view.View,int)
    252:252:public void onPopulateAccessibilityEvent(android.view.View,android.view.accessibility.AccessibilityEvent)
    255:255:public void onInitializeAccessibilityEvent(android.view.View,android.view.accessibility.AccessibilityEvent)
    258:258:public void onInitializeAccessibilityNodeInfo(android.view.View,android.support.v4.view.accessibility.AccessibilityNodeInfoCompat)
    261:261:public boolean hasTransientState(android.view.View)
    265:265:public void setHasTransientState(android.view.View,boolean)
    276:277:public void postOnAnimationDelayed(android.view.View,java.lang.Runnable,long)
    288:288:public boolean performAccessibilityAction(android.view.View,int,android.os.Bundle)
    291:291:public android.support.v4.view.accessibility.AccessibilityNodeProviderCompat getAccessibilityNodeProvider(android.view.View)
    294:294:public float getAlpha(android.view.View)
    303:303:public int getLabelFor(android.view.View)
    307:307:public void setLabelFor(android.view.View,int)
    320:320:public void setLayoutDirection(android.view.View,int)
    337:337:public int resolveSizeAndState(int,int,int)
    342:342:public int getMeasuredWidthAndState(android.view.View)
    347:347:public int getMeasuredHeightAndState(android.view.View)
android.support.v4.view.ViewCompat$GBViewCompatImpl:
    380:381:public void setOverScrollMode(android.view.View,int)